
> frontend@0.1.0 build
> react-scripts build

(node:93746) [DEP0176] DeprecationWarning: fs.F_OK is deprecated, use fs.constants.F_OK instead
(Use `node --trace-deprecation ...` to show where the warning was created)
Creating an optimized production build...
Compiled with warnings.

[eslint] 
src/App.js
  Line 294:9:  The 'startPlayPhase' function makes the dependencies of useEffect Hook (at line 769) change on every render. Move it inside the useEffect callback. Alternatively, wrap the definition of 'startPlayPhase' in its own useCallback() Hook  react-hooks/exhaustive-deps
  Line 984:6:  React Hook useEffect has missing dependencies: 'declarerHand' and 'dummyHand'. Either include them or remove the dependency array                                                                                                         react-hooks/exhaustive-deps

src/PlayComponents.js
  Line 33:9:   'isRed' is assigned a value but never used         no-unused-vars
  Line 222:9:  'userPosition' is assigned a value but never used  no-unused-vars
  Line 261:9:  'tricksNeeded' is assigned a value but never used  no-unused-vars

Search for the keywords to learn more about each warning.
To ignore, add // eslint-disable-next-line to the line before.

File sizes after gzip:

  67.19 kB (+219 B)  build/static/js/main.653d1c92.js
  5.85 kB            build/static/css/main.1e769f63.css
  1.77 kB            build/static/js/453.670e15c7.chunk.js

The project was built assuming it is hosted at /.
You can control this with the homepage field in your package.json.

The build folder is ready to be deployed.
You may serve it with a static server:

  npm install -g serve
  serve -s build

Find out more about deployment here:

  https://cra.link/deployment

